app/manifest-merger-release-report.txt
-- Merging decision tree log ---
manifest
ADDED from AndroidManifest.xml:2:1
	package
		ADDED from AndroidManifest.xml:3:5
		INJECTED from AndroidManifest.xml:0:0
		INJECTED from AndroidManifest.xml:0:0
	android:versionName
		INJECTED from AndroidManifest.xml:0:0
		INJECTED from AndroidManifest.xml:0:0
	xmlns:android
		ADDED from AndroidManifest.xml:2:11
	android:versionCode
		INJECTED from AndroidManifest.xml:0:0
		INJECTED from AndroidManifest.xml:0:0
uses-permission#android.permission.CAMERA
ADDED from AndroidManifest.xml:5:5
	android:name
		ADDED from AndroidManifest.xml:5:22
uses-feature#android.hardware.camera
ADDED from AndroidManifest.xml:6:5
	android:name
		ADDED from AndroidManifest.xml:6:19
uses-permission#android.permission.WRITE_EXTERNAL_STORAGE
ADDED from AndroidManifest.xml:7:5
	android:name
		ADDED from AndroidManifest.xml:7:22
application
ADDED from AndroidManifest.xml:9:5
MERGED from com.android.support:appcompat-v7:21.0.3:16:5
MERGED from com.android.support:support-v4:21.0.3:16:5
MERGED from com.android.support:support-v4:21.0.3:16:5
	android:label
		ADDED from AndroidManifest.xml:12:9
	android:allowBackup
		ADDED from AndroidManifest.xml:10:9
	android:icon
		ADDED from AndroidManifest.xml:11:9
	android:theme
		ADDED from AndroidManifest.xml:13:9
activity#jycprogrammer.ultimatedbz.ezlapse.LapseGridActivity
ADDED from AndroidManifest.xml:15:9
	android:label
		ADDED from AndroidManifest.xml:17:13
	android:launchMode
		ADDED from AndroidManifest.xml:18:13
	android:name
		ADDED from AndroidManifest.xml:16:13
intent-filter#android.intent.action.SEARCH
ADDED from AndroidManifest.xml:19:13
action#android.intent.action.SEARCH
ADDED from AndroidManifest.xml:20:17
	android:name
		ADDED from AndroidManifest.xml:20:25
intent-filter#android.intent.action.MAIN+android.intent.category.LAUNCHER
ADDED from AndroidManifest.xml:22:13
action#android.intent.action.MAIN
ADDED from AndroidManifest.xml:23:17
	android:name
		ADDED from AndroidManifest.xml:23:25
category#android.intent.category.LAUNCHER
ADDED from AndroidManifest.xml:25:17
	android:name
		ADDED from AndroidManifest.xml:25:27
meta-data#android.app.searchable
ADDED from AndroidManifest.xml:28:13
	android:resource
		ADDED from AndroidManifest.xml:30:17
	android:name
		ADDED from AndroidManifest.xml:29:17
activity#jycprogrammer.ultimatedbz.ezlapse.FullscreenCamera
ADDED from AndroidManifest.xml:32:9
	android:screenOrientation
		ADDED from AndroidManifest.xml:37:13
	android:label
		ADDED from AndroidManifest.xml:35:13
	android:parentActivityName
		ADDED from AndroidManifest.xml:36:13
	android:configChanges
		ADDED from AndroidManifest.xml:34:13
	android:theme
		ADDED from AndroidManifest.xml:38:13
	android:name
		ADDED from AndroidManifest.xml:33:13
meta-data#android.support.PARENT_ACTIVITY
ADDED from AndroidManifest.xml:39:13
	android:value
		ADDED from AndroidManifest.xml:41:17
	android:name
		ADDED from AndroidManifest.xml:40:17
activity#jycprogrammer.ultimatedbz.ezlapse.PhotoGridActivity
ADDED from AndroidManifest.xml:43:9
	android:label
		ADDED from AndroidManifest.xml:45:13
	android:parentActivityName
		ADDED from AndroidManifest.xml:46:13
	android:theme
		ADDED from AndroidManifest.xml:47:13
	android:name
		ADDED from AndroidManifest.xml:44:13
activity#jycprogrammer.ultimatedbz.ezlapse.PhotoSlideshowActivity
ADDED from AndroidManifest.xml:49:9
	android:label
		ADDED from AndroidManifest.xml:51:13
	android:parentActivityName
		ADDED from AndroidManifest.xml:52:13
	android:name
		ADDED from AndroidManifest.xml:50:13
uses-sdk
INJECTED from AndroidManifest.xml:0:0 reason: use-sdk injection requested
MERGED from com.android.support:appcompat-v7:21.0.3:15:5
MERGED from com.android.support:support-v4:21.0.3:15:5
MERGED from com.android.support:support-v4:21.0.3:15:5
	android:targetSdkVersion
		INJECTED from AndroidManifest.xml:0:0
		INJECTED from AndroidManifest.xml:0:0
	android:minSdkVersion
		INJECTED from AndroidManifest.xml:0:0
		INJECTED from AndroidManifest.xml:0:0